Selected Files                                                                                                     		Version
==============                                                                                                     		=======
$/Rivendell/Code/SANDBOX/_LanguageIndependant/OEP_UI/listmanager/BulkAction_MassEmailError.htm                     		   1
$/Rivendell/Code/SANDBOX/_LanguageIndependant/OEP_UI/listmanager/BulkAction_MassEmailQueue.asp                     		   4
$/Rivendell/Code/SANDBOX/_LanguageIndependant/OEP_UI/listmanager/lm_bulkaction.xml                                 		   2
$/Rivendell/Code/SANDBOX/_LanguageIndependant/OEP_UI/listmanager/lm_main.vbi                                       		   5
$/Rivendell/Code/SANDBOX/_LanguageIndependant/OEP_UI/listmanager/lm_results.js                                     		   4
$/Rivendell/Code/SANDBOX/_LanguageIndependant/OEP_UI/listmanager/lm_results.vbi                                    		   2
$/Rivendell/Code/SANDBOX/_LanguageIndependant/OnyxEmailAccelerator/AcceleratorClient.config                        		   1
$/Rivendell/Code/SANDBOX/_LanguageIndependant/OnyxEmailAccelerator/adovbs.inc                                      		   1
$/Rivendell/Code/SANDBOX/_LanguageIndependant/OnyxEmailAccelerator/Client.asp                                      		   4
$/Rivendell/Code/SANDBOX/_LanguageIndependant/OnyxEmailAccelerator/images/HeaderTopLeft.jpg                        		   2
$/Rivendell/Code/SANDBOX/_LanguageIndependant/OnyxEmailAccelerator/images/headerTopMiddle.jpg                      		   1
$/Rivendell/Code/SANDBOX/_LanguageIndependant/OnyxEmailAccelerator/images/headerTopRight.jpg                       		   1
$/Rivendell/Code/SANDBOX/_LanguageIndependant/SQL/Combined/AcceleratorBuildScript.sql                              		   7
$/Rivendell/Code/SANDBOX/_LanguageIndependant/TImage/AssemblyInfo.cs                                               		   1
$/Rivendell/Code/SANDBOX/_LanguageIndependant/TImage/images/space.gif                                              		   1
$/Rivendell/Code/SANDBOX/_LanguageIndependant/TImage/ImageTrackerHandler.cs                                        		   4
$/Rivendell/Code/SANDBOX/_LanguageIndependant/TImage/ImageTrackerHandler.csproj                                    		   4
$/Rivendell/Code/SANDBOX/_LanguageIndependant/TImage/ImageTrackerHandler.csproj.user                               		   3
$/Rivendell/Code/SANDBOX/_LanguageIndependant/TImage/ImageTrackerHandler.csproj.vspscc                             		   2
$/Rivendell/Code/SANDBOX/_LanguageIndependant/TImage/ImageTrackerHandler.sln                                       		   4
$/Rivendell/Code/SANDBOX/_LanguageIndependant/TImage/ImageTrackerHandler.vssscc                                    		   1
$/Rivendell/Code/SANDBOX/_LanguageIndependant/TImage/web.config                                                    		   1
$/Rivendell/Code/SANDBOX/_LanguageIndependant/Unsubscribe/adovbs.inc                                               		   1
$/Rivendell/Code/SANDBOX/_LanguageIndependant/Unsubscribe/confirmation_sample.asp                                  		   1
$/Rivendell/Code/SANDBOX/_LanguageIndependant/Unsubscribe/default.asp                                              		   2
$/Rivendell/Code/SANDBOX/_LanguageIndependant/Unsubscribe/unsubscribe.config                                       		   1
$/Rivendell/Code/SANDBOX/English/MasterDictionary/massEmailOedUpgrade/control.wsf                                  		   1
$/Rivendell/Code/SANDBOX/English/MasterDictionary/massEmailOedUpgrade/logicalModel.xml                             		   1
$/Rivendell/Code/SANDBOX/English/MasterDictionary/massEmailOedUpgrade/logicalPhysicalMapSDpcdEmailBatchInsert.xml  		   1
$/Rivendell/Code/SANDBOX/English/MasterDictionary/massEmailOedUpgrade/logicalPhysicalMapSDpcdEmailBatchExecute.xml 		   1
$/Rivendell/Code/SANDBOX/English/MasterDictionary/massEmailOedUpgrade/massEmailOedUpgrade.vbs                      		   1
$/Rivendell/Code/SANDBOX/English/MasterDictionary/massEmailOedUpgrade/physicalModelSDpcdEmailBatchExecute.xml      		   1
$/Rivendell/Code/SANDBOX/English/MasterDictionary/massEmailOedUpgrade/physicalModelSDpcdEmailBatchInsert.xml       		   1
$/Rivendell/Code/SANDBOX/English/OEP_UI/res/listmanager/lm_resultsres.vbi                                          		   2
$/Rivendell/Code/SANDBOX/English/Sample Email Templates/BRIx/Brix_Email_Sample.htm                                 		   1
$/Rivendell/Code/SANDBOX/English/Sample Email Templates/CEO Message/CEOMessage.html                                		   1
$/Rivendell/Code/SANDBOX/English/Sample Email Templates/CEO Message/images/CEOMessage_Portrait.jpg                 		   1
$/Rivendell/Code/SANDBOX/English/Sample Email Templates/Impact/Images/NEWSLETTER_logo_impact.gif                   		   1
$/Rivendell/Code/SANDBOX/English/Sample Email Templates/Impact/Impact_Email_Sample.html                            		   1
$/Rivendell/Code/SANDBOX/English/Sample Email Templates/Invite/images/seal_center.gif                              		   1
$/Rivendell/Code/SANDBOX/English/Sample Email Templates/Invite/images/seal_left_bottom.gif                         		   1
$/Rivendell/Code/SANDBOX/English/Sample Email Templates/Invite/images/seal_left_middle.gif                         		   1
$/Rivendell/Code/SANDBOX/English/Sample Email Templates/Invite/images/seal_left_top.gif                            		   1
$/Rivendell/Code/SANDBOX/English/Sample Email Templates/Invite/images/seal_right_bottom.gif                        		   1
$/Rivendell/Code/SANDBOX/English/Sample Email Templates/Invite/images/seal_right_middle.gif                        		   1
$/Rivendell/Code/SANDBOX/English/Sample Email Templates/Invite/images/seal_right_top.gif                           		   1
$/Rivendell/Code/SANDBOX/English/Sample Email Templates/Invite/Invitation.html                                     		   1
$/Rivendell/Code/SANDBOX/English/Sample Email Templates/Invite/Invitation_Blocked.html                             		   1
$/Rivendell/Code/SANDBOX/English/Sample Email Templates/NowOnSale/images/SALE-Oct2005_Logo.gif                     		   1
$/Rivendell/Code/SANDBOX/English/Sample Email Templates/NowOnSale/NowOnSale.htm                                    		   1

	Total: 50
	=========

Bonsai Result
=============
No errors
